Vivado Simulator 2018.3
Copyright 1986-1999, 2001-2018 Xilinx, Inc. All Rights Reserved.
Running: D:/vivado_2018_03/Vivado/2018.3/bin/unwrapped/win64.o/xelab.exe -wto 4d4fd048493448a38cad286e785d82d7 --incr --debug typical --relax --mt 2 -L blk_mem_gen_v8_4_2 -L xil_defaultlib -L unisims_ver -L unimacro_ver -L secureip -L xpm --snapshot MIPS_CPU_sim_behav xil_defaultlib.MIPS_CPU_sim xil_defaultlib.glbl -log elaborate.log 
Using 2 slave threads.
Starting static elaboration
Completed static elaboration
Starting simulation data flow analysis
Completed simulation data flow analysis
Time Resolution for simulation is 1ps
Compiling module xil_defaultlib.ALU
Compiling module xil_defaultlib.dram
Compiling module blk_mem_gen_v8_4_2.blk_mem_gen_v8_4_2_output_stage(...
Compiling module blk_mem_gen_v8_4_2.blk_mem_gen_v8_4_2_softecc_outpu...
Compiling module blk_mem_gen_v8_4_2.blk_mem_gen_v8_4_2_mem_module(C_...
Compiling module blk_mem_gen_v8_4_2.blk_mem_gen_v8_4_2(C_FAMILY="art...
Compiling module xil_defaultlib.iromIP
Compiling module xil_defaultlib.RegFile
Compiling module xil_defaultlib.MainCtrl
Compiling module xil_defaultlib.ALUCtrler
Compiling module xil_defaultlib.MIPS_CPU
Compiling module xil_defaultlib.MIPS_CPU_sim
Compiling module xil_defaultlib.glbl
Built simulation snapshot MIPS_CPU_sim_behav
