
*** Running vivado
    with args -log MIPS_CPU.vds -m64 -product Vivado -mode batch -messageDb vivado.pb -notrace -source MIPS_CPU.tcl


****** Vivado v2018.3 (64-bit)
  **** SW Build 2405991 on Thu Dec  6 23:38:27 MST 2018
  **** IP Build 2404404 on Fri Dec  7 01:43:56 MST 2018
    ** Copyright 1986-2018 Xilinx, Inc. All Rights Reserved.

source MIPS_CPU.tcl -notrace
Command: synth_design -top MIPS_CPU -part xc7a100tcsg324-1
Starting synth_design
Attempting to get a license for feature 'Synthesis' and/or device 'xc7a100t'
INFO: [Common 17-349] Got license for feature 'Synthesis' and/or device 'xc7a100t'
INFO: Launching helper process for spawning children vivado processes
INFO: Helper process launched with PID 12284 
---------------------------------------------------------------------------------
Starting RTL Elaboration : Time (s): cpu = 00:00:01 ; elapsed = 00:00:02 . Memory (MB): peak = 500.426 ; gain = 99.727
---------------------------------------------------------------------------------
INFO: [Synth 8-6157] synthesizing module 'MIPS_CPU' [D:/vivado_project/MIPS_CPU/MIPS_CPU.srcs/sources_1/new/MIPS_CPU.v:23]
INFO: [Synth 8-6157] synthesizing module 'ALU' [D:/vivado_project/MIPS_CPU/MIPS_CPU.srcs/sources_1/new/ALU.v:23]
INFO: [Synth 8-6155] done synthesizing module 'ALU' (1#1) [D:/vivado_project/MIPS_CPU/MIPS_CPU.srcs/sources_1/new/ALU.v:23]
INFO: [Synth 8-6157] synthesizing module 'dram' [D:/vivado_project/MIPS_CPU/MIPS_CPU.srcs/sources_1/new/dram.v:22]
INFO: [Synth 8-6155] done synthesizing module 'dram' (2#1) [D:/vivado_project/MIPS_CPU/MIPS_CPU.srcs/sources_1/new/dram.v:22]
INFO: [Synth 8-6157] synthesizing module 'iromIP' [D:/vivado_project/MIPS_CPU/MIPS_CPU.runs/synth_1/.Xil/Vivado-18028-FengSheng/realtime/iromIP_stub.v:6]
INFO: [Synth 8-6155] done synthesizing module 'iromIP' (3#1) [D:/vivado_project/MIPS_CPU/MIPS_CPU.runs/synth_1/.Xil/Vivado-18028-FengSheng/realtime/iromIP_stub.v:6]
INFO: [Synth 8-6157] synthesizing module 'RegFile' [D:/vivado_project/MIPS_CPU/MIPS_CPU.srcs/sources_1/new/RegFile.v:23]
INFO: [Synth 8-6155] done synthesizing module 'RegFile' (4#1) [D:/vivado_project/MIPS_CPU/MIPS_CPU.srcs/sources_1/new/RegFile.v:23]
INFO: [Synth 8-6157] synthesizing module 'MainCtrl' [D:/vivado_project/MIPS_CPU/MIPS_CPU.srcs/sources_1/new/MainCtrl.v:23]
INFO: [Synth 8-6155] done synthesizing module 'MainCtrl' (5#1) [D:/vivado_project/MIPS_CPU/MIPS_CPU.srcs/sources_1/new/MainCtrl.v:23]
INFO: [Synth 8-6157] synthesizing module 'ALUCtrler' [D:/vivado_project/MIPS_CPU/MIPS_CPU.srcs/sources_1/new/ALUCtrler.v:23]
INFO: [Synth 8-6155] done synthesizing module 'ALUCtrler' (6#1) [D:/vivado_project/MIPS_CPU/MIPS_CPU.srcs/sources_1/new/ALUCtrler.v:23]
INFO: [Synth 8-6155] done synthesizing module 'MIPS_CPU' (7#1) [D:/vivado_project/MIPS_CPU/MIPS_CPU.srcs/sources_1/new/MIPS_CPU.v:23]
---------------------------------------------------------------------------------
Finished RTL Elaboration : Time (s): cpu = 00:00:01 ; elapsed = 00:00:03 . Memory (MB): peak = 556.438 ; gain = 155.738
---------------------------------------------------------------------------------

Report Check Netlist: 
+------+------------------+-------+---------+-------+------------------+
|      |Item              |Errors |Warnings |Status |Description       |
+------+------------------+-------+---------+-------+------------------+
|1     |multi_driven_nets |      0|        0|Passed |Multi driven nets |
+------+------------------+-------+---------+-------+------------------+
---------------------------------------------------------------------------------
Start Handling Custom Attributes
---------------------------------------------------------------------------------
---------------------------------------------------------------------------------
Finished Handling Custom Attributes : Time (s): cpu = 00:00:01 ; elapsed = 00:00:04 . Memory (MB): peak = 556.438 ; gain = 155.738
---------------------------------------------------------------------------------
---------------------------------------------------------------------------------
Finished RTL Optimization Phase 1 : Time (s): cpu = 00:00:01 ; elapsed = 00:00:04 . Memory (MB): peak = 556.438 ; gain = 155.738
---------------------------------------------------------------------------------
INFO: [Device 21-403] Loading part xc7a100tcsg324-1
INFO: [Project 1-570] Preparing netlist for logic optimization

Processing XDC Constraints
Initializing timing engine
Parsing XDC File [d:/vivado_project/MIPS_CPU/MIPS_CPU.srcs/sources_1/ip/iromIP/iromIP/iromIP_in_context.xdc] for cell 'unitIrom'
Finished Parsing XDC File [d:/vivado_project/MIPS_CPU/MIPS_CPU.srcs/sources_1/ip/iromIP/iromIP/iromIP_in_context.xdc] for cell 'unitIrom'
Completed Processing XDC Constraints

Netlist sorting complete. Time (s): cpu = 00:00:00 ; elapsed = 00:00:00 . Memory (MB): peak = 897.961 ; gain = 0.000
INFO: [Project 1-111] Unisim Transformation Summary:
No Unisim elements were transformed.

Netlist sorting complete. Time (s): cpu = 00:00:00 ; elapsed = 00:00:00 . Memory (MB): peak = 897.961 ; gain = 0.000
Constraint Validation Runtime : Time (s): cpu = 00:00:00 ; elapsed = 00:00:00.006 . Memory (MB): peak = 897.961 ; gain = 0.000
---------------------------------------------------------------------------------
Finished Constraint Validation : Time (s): cpu = 00:00:03 ; elapsed = 00:00:13 . Memory (MB): peak = 897.961 ; gain = 497.262
---------------------------------------------------------------------------------
---------------------------------------------------------------------------------
Start Loading Part and Timing Information
---------------------------------------------------------------------------------
Loading part: xc7a100tcsg324-1
---------------------------------------------------------------------------------
Finished Loading Part and Timing Information : Time (s): cpu = 00:00:03 ; elapsed = 00:00:13 . Memory (MB): peak = 897.961 ; gain = 497.262
---------------------------------------------------------------------------------
---------------------------------------------------------------------------------
Start Applying 'set_property' XDC Constraints
---------------------------------------------------------------------------------
Applied set_property DONT_TOUCH = true for unitIrom. (constraint file  auto generated constraint, line ).
---------------------------------------------------------------------------------
Finished applying 'set_property' XDC Constraints : Time (s): cpu = 00:00:03 ; elapsed = 00:00:13 . Memory (MB): peak = 897.961 ; gain = 497.262
---------------------------------------------------------------------------------
INFO: [Synth 8-5545] ROM "zero0" won't be mapped to RAM because address size (32) is larger than maximum supported(25)
INFO: [Synth 8-5546] ROM "regs_reg[0]" won't be mapped to RAM because it is too sparse
INFO: [Synth 8-5546] ROM "regs_reg[1]" won't be mapped to RAM because it is too sparse
INFO: [Synth 8-5546] ROM "regs_reg[2]" won't be mapped to RAM because it is too sparse
INFO: [Synth 8-5546] ROM "regs_reg[3]" won't be mapped to RAM because it is too sparse
INFO: [Synth 8-5546] ROM "regs_reg[4]" won't be mapped to RAM because it is too sparse
INFO: [Synth 8-5546] ROM "regs_reg[5]" won't be mapped to RAM because it is too sparse
INFO: [Synth 8-5546] ROM "regs_reg[6]" won't be mapped to RAM because it is too sparse
INFO: [Synth 8-5546] ROM "regs_reg[7]" won't be mapped to RAM because it is too sparse
INFO: [Synth 8-5546] ROM "regs_reg[8]" won't be mapped to RAM because it is too sparse
INFO: [Synth 8-5546] ROM "regs_reg[9]" won't be mapped to RAM because it is too sparse
INFO: [Synth 8-5546] ROM "regs_reg[10]" won't be mapped to RAM because it is too sparse
INFO: [Synth 8-5546] ROM "regs_reg[11]" won't be mapped to RAM because it is too sparse
INFO: [Synth 8-5546] ROM "regs_reg[12]" won't be mapped to RAM because it is too sparse
INFO: [Synth 8-5546] ROM "regs_reg[13]" won't be mapped to RAM because it is too sparse
INFO: [Synth 8-5546] ROM "regs_reg[14]" won't be mapped to RAM because it is too sparse
INFO: [Synth 8-5546] ROM "regs_reg[15]" won't be mapped to RAM because it is too sparse
INFO: [Synth 8-5546] ROM "regs_reg[16]" won't be mapped to RAM because it is too sparse
INFO: [Synth 8-5546] ROM "regs_reg[17]" won't be mapped to RAM because it is too sparse
INFO: [Synth 8-5546] ROM "regs_reg[18]" won't be mapped to RAM because it is too sparse
INFO: [Synth 8-5546] ROM "regs_reg[19]" won't be mapped to RAM because it is too sparse
INFO: [Synth 8-5546] ROM "regs_reg[20]" won't be mapped to RAM because it is too sparse
INFO: [Synth 8-5546] ROM "regs_reg[21]" won't be mapped to RAM because it is too sparse
INFO: [Synth 8-5546] ROM "regs_reg[22]" won't be mapped to RAM because it is too sparse
INFO: [Synth 8-5546] ROM "regs_reg[23]" won't be mapped to RAM because it is too sparse
INFO: [Synth 8-5546] ROM "regs_reg[24]" won't be mapped to RAM because it is too sparse
INFO: [Synth 8-5546] ROM "regs_reg[25]" won't be mapped to RAM because it is too sparse
INFO: [Synth 8-5546] ROM "regs_reg[26]" won't be mapped to RAM because it is too sparse
INFO: [Synth 8-5546] ROM "regs_reg[27]" won't be mapped to RAM because it is too sparse
INFO: [Synth 8-5546] ROM "regs_reg[28]" won't be mapped to RAM because it is too sparse
INFO: [Synth 8-5546] ROM "regs_reg[29]" won't be mapped to RAM because it is too sparse
INFO: [Synth 8-5546] ROM "regs_reg[30]" won't be mapped to RAM because it is too sparse
INFO: [Synth 8-5546] ROM "regs_reg[31]" won't be mapped to RAM because it is too sparse
---------------------------------------------------------------------------------
Finished RTL Optimization Phase 2 : Time (s): cpu = 00:00:03 ; elapsed = 00:00:14 . Memory (MB): peak = 897.961 ; gain = 497.262
---------------------------------------------------------------------------------

Report RTL Partitions: 
+-+--------------+------------+----------+
| |RTL Partition |Replication |Instances |
+-+--------------+------------+----------+
+-+--------------+------------+----------+
---------------------------------------------------------------------------------
Start RTL Component Statistics 
---------------------------------------------------------------------------------
Detailed RTL Component Info : 
+---Adders : 
	   3 Input     32 Bit       Adders := 1     
	   2 Input     32 Bit       Adders := 3     
+---Registers : 
	               32 Bit    Registers := 33    
+---Muxes : 
	   2 Input     32 Bit        Muxes := 37    
	  33 Input     32 Bit        Muxes := 2     
	   3 Input     32 Bit        Muxes := 1     
	   8 Input      9 Bit        Muxes := 1     
	   2 Input      6 Bit        Muxes := 1     
	   2 Input      5 Bit        Muxes := 1     
	   8 Input      3 Bit        Muxes := 2     
	   7 Input      1 Bit        Muxes := 1     
	   3 Input      1 Bit        Muxes := 32    
---------------------------------------------------------------------------------
Finished RTL Component Statistics 
---------------------------------------------------------------------------------
---------------------------------------------------------------------------------
Start RTL Hierarchical Component Statistics 
---------------------------------------------------------------------------------
Hierarchical RTL Component report 
Module MIPS_CPU 
Detailed RTL Component Info : 
+---Adders : 
	   2 Input     32 Bit       Adders := 2     
+---Registers : 
	               32 Bit    Registers := 1     
+---Muxes : 
	   2 Input     32 Bit        Muxes := 4     
	   3 Input     32 Bit        Muxes := 1     
	   2 Input      6 Bit        Muxes := 1     
	   2 Input      5 Bit        Muxes := 1     
Module ALU 
Detailed RTL Component Info : 
+---Adders : 
	   3 Input     32 Bit       Adders := 1     
	   2 Input     32 Bit       Adders := 1     
+---Muxes : 
	   2 Input     32 Bit        Muxes := 1     
	   7 Input      1 Bit        Muxes := 1     
Module RegFile 
Detailed RTL Component Info : 
+---Registers : 
	               32 Bit    Registers := 32    
+---Muxes : 
	   2 Input     32 Bit        Muxes := 32    
	  33 Input     32 Bit        Muxes := 2     
	   3 Input      1 Bit        Muxes := 32    
Module MainCtrl 
Detailed RTL Component Info : 
+---Muxes : 
	   8 Input      9 Bit        Muxes := 1     
	   8 Input      3 Bit        Muxes := 1     
Module ALUCtrler 
Detailed RTL Component Info : 
+---Muxes : 
	   8 Input      3 Bit        Muxes := 1     
---------------------------------------------------------------------------------
Finished RTL Hierarchical Component Statistics
---------------------------------------------------------------------------------
---------------------------------------------------------------------------------
Start Part Resource Summary
---------------------------------------------------------------------------------
Part Resources:
DSPs: 240 (col length:80)
BRAMs: 270 (col length: RAMB18 80 RAMB36 40)
---------------------------------------------------------------------------------
Finished Part Resource Summary
---------------------------------------------------------------------------------
---------------------------------------------------------------------------------
Start Cross Boundary and Area Optimization
---------------------------------------------------------------------------------
Warning: Parallel synthesis criteria is not met 
---------------------------------------------------------------------------------
Finished Cross Boundary and Area Optimization : Time (s): cpu = 00:01:38 ; elapsed = 00:05:54 . Memory (MB): peak = 1092.273 ; gain = 691.574
---------------------------------------------------------------------------------
---------------------------------------------------------------------------------
Start ROM, RAM, DSP and Shift Register Reporting
---------------------------------------------------------------------------------

Distributed RAM: Preliminary Mapping  Report (see note below)
+------------+-------------------+-----------+----------------------+-----------------+
|Module Name | RTL Object        | Inference | Size (Depth x Width) | Primitives      | 
+------------+-------------------+-----------+----------------------+-----------------+
|MIPS_CPU    | unitDram/regs_reg | Implied   | 32 x 32              | RAM32X1S x 32   | 
+------------+-------------------+-----------+----------------------+-----------------+

Note: The table above is a preliminary report that shows the Distributed RAMs at the current stage of the synthesis flow. Some Distributed RAMs may be reimplemented as non Distributed RAM primitives later in the synthesis flow. Multiple instantiated RAMs are reported only once.
---------------------------------------------------------------------------------
Finished ROM, RAM, DSP and Shift Register Reporting
---------------------------------------------------------------------------------

Report RTL Partitions: 
+-+--------------+------------+----------+
| |RTL Partition |Replication |Instances |
+-+--------------+------------+----------+
+-+--------------+------------+----------+
---------------------------------------------------------------------------------
Start Applying XDC Timing Constraints
---------------------------------------------------------------------------------
---------------------------------------------------------------------------------
Finished Applying XDC Timing Constraints : Time (s): cpu = 00:01:44 ; elapsed = 00:06:15 . Memory (MB): peak = 1092.273 ; gain = 691.574
---------------------------------------------------------------------------------
---------------------------------------------------------------------------------
Start Timing Optimization
---------------------------------------------------------------------------------
---------------------------------------------------------------------------------
Finished Timing Optimization : Time (s): cpu = 00:01:44 ; elapsed = 00:06:15 . Memory (MB): peak = 1092.273 ; gain = 691.574
---------------------------------------------------------------------------------
---------------------------------------------------------------------------------
Start ROM, RAM, DSP and Shift Register Reporting
---------------------------------------------------------------------------------

Distributed RAM: Final Mapping  Report
+------------+-------------------+-----------+----------------------+-----------------+
|Module Name | RTL Object        | Inference | Size (Depth x Width) | Primitives      | 
+------------+-------------------+-----------+----------------------+-----------------+
|MIPS_CPU    | unitDram/regs_reg | Implied   | 32 x 32              | RAM32X1S x 32   | 
+------------+-------------------+-----------+----------------------+-----------------+

---------------------------------------------------------------------------------
Finished ROM, RAM, DSP and Shift Register Reporting
---------------------------------------------------------------------------------

Report RTL Partitions: 
+-+--------------+------------+----------+
| |RTL Partition |Replication |Instances |
+-+--------------+------------+----------+
+-+--------------+------------+----------+
---------------------------------------------------------------------------------
Start Technology Mapping
---------------------------------------------------------------------------------
---------------------------------------------------------------------------------
Finished Technology Mapping : Time (s): cpu = 00:01:45 ; elapsed = 00:06:16 . Memory (MB): peak = 1092.273 ; gain = 691.574
---------------------------------------------------------------------------------

Report RTL Partitions: 
+-+--------------+------------+----------+
| |RTL Partition |Replication |Instances |
+-+--------------+------------+----------+
+-+--------------+------------+----------+
---------------------------------------------------------------------------------
Start IO Insertion
---------------------------------------------------------------------------------
---------------------------------------------------------------------------------
Start Flattening Before IO Insertion
---------------------------------------------------------------------------------
---------------------------------------------------------------------------------
Finished Flattening Before IO Insertion
---------------------------------------------------------------------------------
---------------------------------------------------------------------------------
Start Final Netlist Cleanup
---------------------------------------------------------------------------------
---------------------------------------------------------------------------------
Finished Final Netlist Cleanup
---------------------------------------------------------------------------------
---------------------------------------------------------------------------------
Finished IO Insertion : Time (s): cpu = 00:01:45 ; elapsed = 00:06:19 . Memory (MB): peak = 1092.273 ; gain = 691.574
---------------------------------------------------------------------------------

Report Check Netlist: 
+------+------------------+-------+---------+-------+------------------+
|      |Item              |Errors |Warnings |Status |Description       |
+------+------------------+-------+---------+-------+------------------+
|1     |multi_driven_nets |      0|        0|Passed |Multi driven nets |
+------+------------------+-------+---------+-------+------------------+
---------------------------------------------------------------------------------
Start Renaming Generated Instances
---------------------------------------------------------------------------------
---------------------------------------------------------------------------------
Finished Renaming Generated Instances : Time (s): cpu = 00:01:45 ; elapsed = 00:06:19 . Memory (MB): peak = 1092.273 ; gain = 691.574
---------------------------------------------------------------------------------

Report RTL Partitions: 
+-+--------------+------------+----------+
| |RTL Partition |Replication |Instances |
+-+--------------+------------+----------+
+-+--------------+------------+----------+
---------------------------------------------------------------------------------
Start Rebuilding User Hierarchy
---------------------------------------------------------------------------------
---------------------------------------------------------------------------------
Finished Rebuilding User Hierarchy : Time (s): cpu = 00:01:45 ; elapsed = 00:06:19 . Memory (MB): peak = 1092.273 ; gain = 691.574
---------------------------------------------------------------------------------
---------------------------------------------------------------------------------
Start Renaming Generated Ports
---------------------------------------------------------------------------------
---------------------------------------------------------------------------------
Finished Renaming Generated Ports : Time (s): cpu = 00:01:45 ; elapsed = 00:06:19 . Memory (MB): peak = 1092.273 ; gain = 691.574
---------------------------------------------------------------------------------
---------------------------------------------------------------------------------
Start Handling Custom Attributes
---------------------------------------------------------------------------------
---------------------------------------------------------------------------------
Finished Handling Custom Attributes : Time (s): cpu = 00:01:45 ; elapsed = 00:06:19 . Memory (MB): peak = 1092.273 ; gain = 691.574
---------------------------------------------------------------------------------
---------------------------------------------------------------------------------
Start Renaming Generated Nets
---------------------------------------------------------------------------------
---------------------------------------------------------------------------------
Finished Renaming Generated Nets : Time (s): cpu = 00:01:45 ; elapsed = 00:06:19 . Memory (MB): peak = 1092.273 ; gain = 691.574
---------------------------------------------------------------------------------
---------------------------------------------------------------------------------
Start Writing Synthesis Report
---------------------------------------------------------------------------------

Report BlackBoxes: 
+------+--------------+----------+
|      |BlackBox name |Instances |
+------+--------------+----------+
|1     |iromIP        |         1|
+------+--------------+----------+

Report Cell Usage: 
+------+---------+------+
|      |Cell     |Count |
+------+---------+------+
|1     |iromIP   |     1|
|2     |BUFG     |     1|
|3     |CARRY4   |    24|
|4     |LUT1     |    33|
|5     |LUT2     |   110|
|6     |LUT3     |   104|
|7     |LUT4     |    76|
|8     |LUT5     |    54|
|9     |LUT6     |   807|
|10    |MUXF7    |   131|
|11    |MUXF8    |     4|
|12    |RAM32X1S |    32|
|13    |FDRE     |   990|
|14    |FDSE     |     8|
|15    |IBUF     |     2|
+------+---------+------+

Report Instance Areas: 
+------+--------------+--------+------+
|      |Instance      |Module  |Cells |
+------+--------------+--------+------+
|1     |top           |        |  2408|
|2     |  unitALU     |ALU     |    42|
|3     |  unitDram    |dram    |    63|
|4     |  unitRegFile |RegFile |  2257|
+------+--------------+--------+------+
---------------------------------------------------------------------------------
Finished Writing Synthesis Report : Time (s): cpu = 00:01:45 ; elapsed = 00:06:19 . Memory (MB): peak = 1092.273 ; gain = 691.574
---------------------------------------------------------------------------------
Synthesis finished with 0 errors, 0 critical warnings and 0 warnings.
Synthesis Optimization Runtime : Time (s): cpu = 00:01:43 ; elapsed = 00:06:13 . Memory (MB): peak = 1092.273 ; gain = 350.051
Synthesis Optimization Complete : Time (s): cpu = 00:01:45 ; elapsed = 00:06:20 . Memory (MB): peak = 1092.273 ; gain = 691.574
INFO: [Project 1-571] Translating synthesized netlist
INFO: [Netlist 29-17] Analyzing 191 Unisim elements for replacement
INFO: [Netlist 29-28] Unisim Transformation completed in 0 CPU seconds
WARNING: [Netlist 29-101] Netlist 'MIPS_CPU' is not ideal for floorplanning, since the cellview 'RegFile' contains a large number of primitives.  Please consider enabling hierarchy in synthesis if you want to do floorplanning.
INFO: [Project 1-570] Preparing netlist for logic optimization
INFO: [Opt 31-138] Pushed 1 inverter(s) to 32 load pin(s).
Netlist sorting complete. Time (s): cpu = 00:00:00 ; elapsed = 00:00:00.002 . Memory (MB): peak = 1092.273 ; gain = 0.000
INFO: [Project 1-111] Unisim Transformation Summary:
  A total of 32 instances were transformed.
  RAM32X1S => RAM32X1S (inverted pins: WCLK) (RAMS32): 32 instances

INFO: [Common 17-83] Releasing license: Synthesis
58 Infos, 1 Warnings, 0 Critical Warnings and 0 Errors encountered.
synth_design completed successfully
synth_design: Time (s): cpu = 00:01:46 ; elapsed = 00:06:24 . Memory (MB): peak = 1092.273 ; gain = 703.086
Netlist sorting complete. Time (s): cpu = 00:00:00 ; elapsed = 00:00:00.001 . Memory (MB): peak = 1092.273 ; gain = 0.000
WARNING: [Constraints 18-5210] No constraints selected for write.
Resolution: This message can indicate that there are no constraints for the design, or it can indicate that the used_in flags are set such that the constraints are ignored. This later case is used when running synth_design to not write synthesis constraints to the resulting checkpoint. Instead, project constraints are read when the synthesized design is opened.
INFO: [Common 17-1381] The checkpoint 'D:/vivado_project/MIPS_CPU/MIPS_CPU.runs/synth_1/MIPS_CPU.dcp' has been generated.
INFO: [runtcl-4] Executing : report_utilization -file MIPS_CPU_utilization_synth.rpt -pb MIPS_CPU_utilization_synth.pb
INFO: [Common 17-206] Exiting Vivado at Tue Mar 28 23:07:53 2023...
